2026-01-28 16:49:00,719 - pretrain_custom - INFO - Copy the Config file from cfgs/dataset_configs/pretrain_custom.yaml to ./experiments\pretrain_custom\dataset_configs\custom_split_run\config.yaml
2026-01-28 16:49:00,720 - pretrain_custom - INFO - args.config : cfgs/dataset_configs/pretrain_custom.yaml
2026-01-28 16:49:00,720 - pretrain_custom - INFO - args.launcher : none
2026-01-28 16:49:00,720 - pretrain_custom - INFO - args.local_rank : 0
2026-01-28 16:49:00,720 - pretrain_custom - INFO - args.num_workers : 8
2026-01-28 16:49:00,720 - pretrain_custom - INFO - args.seed : 0
2026-01-28 16:49:00,720 - pretrain_custom - INFO - args.deterministic : False
2026-01-28 16:49:00,724 - pretrain_custom - INFO - args.sync_bn : False
2026-01-28 16:49:00,724 - pretrain_custom - INFO - args.exp_name : custom_split_run
2026-01-28 16:49:00,725 - pretrain_custom - INFO - args.loss : cd1
2026-01-28 16:49:00,725 - pretrain_custom - INFO - args.start_ckpts : None
2026-01-28 16:49:00,725 - pretrain_custom - INFO - args.ckpts : None
2026-01-28 16:49:00,725 - pretrain_custom - INFO - args.val_freq : 1
2026-01-28 16:49:00,725 - pretrain_custom - INFO - args.vote : False
2026-01-28 16:49:00,725 - pretrain_custom - INFO - args.resume : False
2026-01-28 16:49:00,725 - pretrain_custom - INFO - args.test : False
2026-01-28 16:49:00,725 - pretrain_custom - INFO - args.finetune_model : False
2026-01-28 16:49:00,725 - pretrain_custom - INFO - args.scratch_model : False
2026-01-28 16:49:00,725 - pretrain_custom - INFO - args.mode : None
2026-01-28 16:49:00,725 - pretrain_custom - INFO - args.way : -1
2026-01-28 16:49:00,725 - pretrain_custom - INFO - args.shot : -1
2026-01-28 16:49:00,725 - pretrain_custom - INFO - args.fold : -1
2026-01-28 16:49:00,725 - pretrain_custom - INFO - args.experiment_path : ./experiments\pretrain_custom\dataset_configs\custom_split_run
2026-01-28 16:49:00,725 - pretrain_custom - INFO - args.tfboard_path : ./experiments\pretrain_custom\dataset_configs\TFBoard\custom_split_run
2026-01-28 16:49:00,725 - pretrain_custom - INFO - args.log_name : pretrain_custom
2026-01-28 16:49:00,725 - pretrain_custom - INFO - args.use_gpu : True
2026-01-28 16:49:00,725 - pretrain_custom - INFO - args.distributed : False
2026-01-28 16:49:00,725 - pretrain_custom - INFO - config.optimizer = edict()
2026-01-28 16:49:00,725 - pretrain_custom - INFO - config.optimizer.type : AdamW
2026-01-28 16:49:00,725 - pretrain_custom - INFO - config.optimizer.kwargs = edict()
2026-01-28 16:49:00,725 - pretrain_custom - INFO - config.optimizer.kwargs.lr : 0.001
2026-01-28 16:49:00,725 - pretrain_custom - INFO - config.optimizer.kwargs.weight_decay : 0.05
2026-01-28 16:49:00,725 - pretrain_custom - INFO - config.scheduler = edict()
2026-01-28 16:49:00,726 - pretrain_custom - INFO - config.scheduler.type : Cosine
2026-01-28 16:49:00,726 - pretrain_custom - INFO - config.scheduler.kwargs = edict()
2026-01-28 16:49:00,726 - pretrain_custom - INFO - config.scheduler.kwargs.epochs : 300
2026-01-28 16:49:00,726 - pretrain_custom - INFO - config.scheduler.kwargs.initial_epochs : 10
2026-01-28 16:49:00,726 - pretrain_custom - INFO - config.dataset = edict()
2026-01-28 16:49:00,726 - pretrain_custom - INFO - config.dataset.train = edict()
2026-01-28 16:49:00,726 - pretrain_custom - INFO - config.dataset.train._base_ = edict()
2026-01-28 16:49:00,726 - pretrain_custom - INFO - config.dataset.train._base_.NAME : MyCustomDataset
2026-01-28 16:49:00,726 - pretrain_custom - INFO - config.dataset.train._base_.TRAIN_DATA_PATH : ./data/MyDataset/data_set_normalized.h5
2026-01-28 16:49:00,726 - pretrain_custom - INFO - config.dataset.train._base_.VAL_DATA_PATH : ./data/MyDataset/data_set_val.h5
2026-01-28 16:49:00,726 - pretrain_custom - INFO - config.dataset.train.others = edict()
2026-01-28 16:49:00,726 - pretrain_custom - INFO - config.dataset.train.others.subset : train
2026-01-28 16:49:00,726 - pretrain_custom - INFO - config.dataset.train.others.bs : 128
2026-01-28 16:49:00,726 - pretrain_custom - INFO - config.dataset.val = edict()
2026-01-28 16:49:00,726 - pretrain_custom - INFO - config.dataset.val._base_ = edict()
2026-01-28 16:49:00,726 - pretrain_custom - INFO - config.dataset.val._base_.NAME : MyCustomDataset
2026-01-28 16:49:00,726 - pretrain_custom - INFO - config.dataset.val._base_.TRAIN_DATA_PATH : ./data/MyDataset/data_set_normalized.h5
2026-01-28 16:49:00,726 - pretrain_custom - INFO - config.dataset.val._base_.VAL_DATA_PATH : ./data/MyDataset/data_set_val.h5
2026-01-28 16:49:00,726 - pretrain_custom - INFO - config.dataset.val.others = edict()
2026-01-28 16:49:00,726 - pretrain_custom - INFO - config.dataset.val.others.subset : test
2026-01-28 16:49:00,726 - pretrain_custom - INFO - config.dataset.val.others.bs : 256
2026-01-28 16:49:00,726 - pretrain_custom - INFO - config.model = edict()
2026-01-28 16:49:00,726 - pretrain_custom - INFO - config.model.NAME : Point_MAE
2026-01-28 16:49:00,727 - pretrain_custom - INFO - config.model.group_size : 16
2026-01-28 16:49:00,727 - pretrain_custom - INFO - config.model.num_group : 32
2026-01-28 16:49:00,727 - pretrain_custom - INFO - config.model.loss : cdl1
2026-01-28 16:49:00,727 - pretrain_custom - INFO - config.model.transformer_config = edict()
2026-01-28 16:49:00,727 - pretrain_custom - INFO - config.model.transformer_config.mask_ratio : 0.6
2026-01-28 16:49:00,727 - pretrain_custom - INFO - config.model.transformer_config.mask_type : rand
2026-01-28 16:49:00,727 - pretrain_custom - INFO - config.model.transformer_config.trans_dim : 384
2026-01-28 16:49:00,727 - pretrain_custom - INFO - config.model.transformer_config.encoder_dims : 384
2026-01-28 16:49:00,727 - pretrain_custom - INFO - config.model.transformer_config.depth : 12
2026-01-28 16:49:00,727 - pretrain_custom - INFO - config.model.transformer_config.drop_path_rate : 0.1
2026-01-28 16:49:00,727 - pretrain_custom - INFO - config.model.transformer_config.num_heads : 6
2026-01-28 16:49:00,727 - pretrain_custom - INFO - config.model.transformer_config.decoder_depth : 4
2026-01-28 16:49:00,727 - pretrain_custom - INFO - config.model.transformer_config.decoder_num_heads : 6
2026-01-28 16:49:00,727 - pretrain_custom - INFO - config.total_bs : 128
2026-01-28 16:49:00,727 - pretrain_custom - INFO - config.step_per_update : 1
2026-01-28 16:49:00,727 - pretrain_custom - INFO - config.max_epoch : 300
2026-01-28 16:49:00,727 - pretrain_custom - INFO - Distributed training: False
2026-01-28 16:49:00,727 - pretrain_custom - INFO - Set random seed to 0, deterministic: False
2026-01-28 16:49:00,976 - pretrain_custom - INFO - Using Data parallel ...
