2026-01-29 10:19:25,500 - pretrain_custom - INFO - Copy the Config file from cfgs/dataset_configs/pretrain_custom.yaml to ./experiments\pretrain_custom\dataset_configs\custom_32x10_retrain\config.yaml
2026-01-29 10:19:25,500 - pretrain_custom - INFO - args.config : cfgs/dataset_configs/pretrain_custom.yaml
2026-01-29 10:19:25,500 - pretrain_custom - INFO - args.launcher : none
2026-01-29 10:19:25,500 - pretrain_custom - INFO - args.local_rank : 0
2026-01-29 10:19:25,501 - pretrain_custom - INFO - args.num_workers : 0
2026-01-29 10:19:25,501 - pretrain_custom - INFO - args.seed : 0
2026-01-29 10:19:25,501 - pretrain_custom - INFO - args.deterministic : False
2026-01-29 10:19:25,501 - pretrain_custom - INFO - args.sync_bn : False
2026-01-29 10:19:25,501 - pretrain_custom - INFO - args.exp_name : custom_32x10_retrain
2026-01-29 10:19:25,501 - pretrain_custom - INFO - args.loss : cd1
2026-01-29 10:19:25,501 - pretrain_custom - INFO - args.start_ckpts : None
2026-01-29 10:19:25,501 - pretrain_custom - INFO - args.ckpts : None
2026-01-29 10:19:25,501 - pretrain_custom - INFO - args.val_freq : 1
2026-01-29 10:19:25,501 - pretrain_custom - INFO - args.vote : False
2026-01-29 10:19:25,501 - pretrain_custom - INFO - args.resume : False
2026-01-29 10:19:25,501 - pretrain_custom - INFO - args.test : False
2026-01-29 10:19:25,501 - pretrain_custom - INFO - args.finetune_model : False
2026-01-29 10:19:25,501 - pretrain_custom - INFO - args.scratch_model : False
2026-01-29 10:19:25,501 - pretrain_custom - INFO - args.mode : None
2026-01-29 10:19:25,501 - pretrain_custom - INFO - args.way : -1
2026-01-29 10:19:25,501 - pretrain_custom - INFO - args.shot : -1
2026-01-29 10:19:25,501 - pretrain_custom - INFO - args.fold : -1
2026-01-29 10:19:25,502 - pretrain_custom - INFO - args.experiment_path : ./experiments\pretrain_custom\dataset_configs\custom_32x10_retrain
2026-01-29 10:19:25,502 - pretrain_custom - INFO - args.tfboard_path : ./experiments\pretrain_custom\dataset_configs\TFBoard\custom_32x10_retrain
2026-01-29 10:19:25,502 - pretrain_custom - INFO - args.log_name : pretrain_custom
2026-01-29 10:19:25,502 - pretrain_custom - INFO - args.use_gpu : True
2026-01-29 10:19:25,502 - pretrain_custom - INFO - args.distributed : False
2026-01-29 10:19:25,502 - pretrain_custom - INFO - config.optimizer = edict()
2026-01-29 10:19:25,502 - pretrain_custom - INFO - config.optimizer.type : AdamW
2026-01-29 10:19:25,502 - pretrain_custom - INFO - config.optimizer.kwargs = edict()
2026-01-29 10:19:25,502 - pretrain_custom - INFO - config.optimizer.kwargs.lr : 0.001
2026-01-29 10:19:25,502 - pretrain_custom - INFO - config.optimizer.kwargs.weight_decay : 0.05
2026-01-29 10:19:25,502 - pretrain_custom - INFO - config.scheduler = edict()
2026-01-29 10:19:25,502 - pretrain_custom - INFO - config.scheduler.type : Cosine
2026-01-29 10:19:25,502 - pretrain_custom - INFO - config.scheduler.kwargs = edict()
2026-01-29 10:19:25,502 - pretrain_custom - INFO - config.scheduler.kwargs.epochs : 300
2026-01-29 10:19:25,502 - pretrain_custom - INFO - config.scheduler.kwargs.initial_epochs : 10
2026-01-29 10:19:25,502 - pretrain_custom - INFO - config.dataset = edict()
2026-01-29 10:19:25,502 - pretrain_custom - INFO - config.dataset.train = edict()
2026-01-29 10:19:25,502 - pretrain_custom - INFO - config.dataset.train._base_ = edict()
2026-01-29 10:19:25,502 - pretrain_custom - INFO - config.dataset.train._base_.NAME : MyCustomDataset
2026-01-29 10:19:25,502 - pretrain_custom - INFO - config.dataset.train._base_.TRAIN_DATA_PATH : ./data/MyDataset/data_set_normalized.h5
2026-01-29 10:19:25,502 - pretrain_custom - INFO - config.dataset.train._base_.VAL_DATA_PATH : ./data/MyDataset/test_dataset_normalized.h5
2026-01-29 10:19:25,502 - pretrain_custom - INFO - config.dataset.train.others = edict()
2026-01-29 10:19:25,502 - pretrain_custom - INFO - config.dataset.train.others.subset : train
2026-01-29 10:19:25,502 - pretrain_custom - INFO - config.dataset.train.others.npoints : 300
2026-01-29 10:19:25,502 - pretrain_custom - INFO - config.dataset.train.others.bs : 128
2026-01-29 10:19:25,502 - pretrain_custom - INFO - config.dataset.val = edict()
2026-01-29 10:19:25,503 - pretrain_custom - INFO - config.dataset.val._base_ = edict()
2026-01-29 10:19:25,503 - pretrain_custom - INFO - config.dataset.val._base_.NAME : MyCustomDataset
2026-01-29 10:19:25,503 - pretrain_custom - INFO - config.dataset.val._base_.TRAIN_DATA_PATH : ./data/MyDataset/data_set_normalized.h5
2026-01-29 10:19:25,503 - pretrain_custom - INFO - config.dataset.val._base_.VAL_DATA_PATH : ./data/MyDataset/test_dataset_normalized.h5
2026-01-29 10:19:25,503 - pretrain_custom - INFO - config.dataset.val.others = edict()
2026-01-29 10:19:25,503 - pretrain_custom - INFO - config.dataset.val.others.subset : val
2026-01-29 10:19:25,503 - pretrain_custom - INFO - config.dataset.val.others.npoints : 300
2026-01-29 10:19:25,503 - pretrain_custom - INFO - config.dataset.val.others.bs : 256
2026-01-29 10:19:25,503 - pretrain_custom - INFO - config.dataset.test = edict()
2026-01-29 10:19:25,503 - pretrain_custom - INFO - config.dataset.test._base_ = edict()
2026-01-29 10:19:25,503 - pretrain_custom - INFO - config.dataset.test._base_.NAME : MyCustomDataset
2026-01-29 10:19:25,503 - pretrain_custom - INFO - config.dataset.test._base_.TRAIN_DATA_PATH : ./data/MyDataset/data_set_normalized.h5
2026-01-29 10:19:25,503 - pretrain_custom - INFO - config.dataset.test._base_.VAL_DATA_PATH : ./data/MyDataset/test_dataset_normalized.h5
2026-01-29 10:19:25,503 - pretrain_custom - INFO - config.dataset.test.others = edict()
2026-01-29 10:19:25,504 - pretrain_custom - INFO - config.dataset.test.others.subset : test
2026-01-29 10:19:25,504 - pretrain_custom - INFO - config.dataset.test.others.npoints : 300
2026-01-29 10:19:25,504 - pretrain_custom - INFO - config.dataset.test.others.bs : 128
2026-01-29 10:19:25,504 - pretrain_custom - INFO - config.model = edict()
2026-01-29 10:19:25,504 - pretrain_custom - INFO - config.model.NAME : Point_MAE
2026-01-29 10:19:25,504 - pretrain_custom - INFO - config.model.group_size : 32
2026-01-29 10:19:25,504 - pretrain_custom - INFO - config.model.num_group : 10
2026-01-29 10:19:25,504 - pretrain_custom - INFO - config.model.loss : cdl1
2026-01-29 10:19:25,504 - pretrain_custom - INFO - config.model.transformer_config = edict()
2026-01-29 10:19:25,504 - pretrain_custom - INFO - config.model.transformer_config.mask_ratio : 0.6
2026-01-29 10:19:25,504 - pretrain_custom - INFO - config.model.transformer_config.mask_type : rand
2026-01-29 10:19:25,504 - pretrain_custom - INFO - config.model.transformer_config.trans_dim : 384
2026-01-29 10:19:25,504 - pretrain_custom - INFO - config.model.transformer_config.encoder_dims : 384
2026-01-29 10:19:25,504 - pretrain_custom - INFO - config.model.transformer_config.depth : 12
2026-01-29 10:19:25,504 - pretrain_custom - INFO - config.model.transformer_config.drop_path_rate : 0.1
2026-01-29 10:19:25,504 - pretrain_custom - INFO - config.model.transformer_config.num_heads : 6
2026-01-29 10:19:25,504 - pretrain_custom - INFO - config.model.transformer_config.decoder_depth : 4
2026-01-29 10:19:25,504 - pretrain_custom - INFO - config.model.transformer_config.decoder_num_heads : 6
2026-01-29 10:19:25,504 - pretrain_custom - INFO - config.total_bs : 128
2026-01-29 10:19:25,505 - pretrain_custom - INFO - config.step_per_update : 1
2026-01-29 10:19:25,505 - pretrain_custom - INFO - config.max_epoch : 300
2026-01-29 10:19:25,505 - pretrain_custom - INFO - Distributed training: False
2026-01-29 10:19:25,505 - pretrain_custom - INFO - Set random seed to 0, deterministic: False
2026-01-29 10:19:25,860 - pretrain_custom - INFO - Using Data parallel ...
2026-01-29 10:19:28,468 - pretrain_custom - INFO - [Epoch 0/300][Batch 1/125] BatchTime = 2.603 (s) DataTime = 0.004 (s) Losses = ['516.7915'] lr = 0.000001
2026-01-29 10:19:35,268 - pretrain_custom - INFO - [Epoch 0/300][Batch 21/125] BatchTime = 0.345 (s) DataTime = 0.001 (s) Losses = ['366.9283'] lr = 0.000001
2026-01-29 10:19:42,117 - pretrain_custom - INFO - [Epoch 0/300][Batch 41/125] BatchTime = 0.343 (s) DataTime = 0.001 (s) Losses = ['291.6271'] lr = 0.000001
2026-01-29 10:19:48,947 - pretrain_custom - INFO - [Epoch 0/300][Batch 61/125] BatchTime = 0.338 (s) DataTime = 0.001 (s) Losses = ['234.7170'] lr = 0.000001
2026-01-29 10:19:55,772 - pretrain_custom - INFO - [Epoch 0/300][Batch 81/125] BatchTime = 0.347 (s) DataTime = 0.000 (s) Losses = ['205.6118'] lr = 0.000001
